<?xml version="1.0" encoding="utf-8"?><testsuites><testsuite errors="0" failures="0" hostname="ip-172-31-92-227.ec2.internal" name="pytest" skipped="0" tests="5" time="16.192" timestamp="2024-02-10T10:43:31.987846"><testcase classname="test.integration.todoApiTest.TestApi" name="test_api_addtodo" time="5.606" /><testcase classname="test.integration.todoApiTest.TestApi" name="test_api_deletetodo" time="3.163" /><testcase classname="test.integration.todoApiTest.TestApi" name="test_api_gettodo" time="1.006" /><testcase classname="test.integration.todoApiTest.TestApi" name="test_api_listtodos" time="2.811" /><testcase classname="test.integration.todoApiTest.TestApi" name="test_api_updatetodo" time="3.396" /></testsuite></testsuites>